<?xml version="1.0" encoding="utf-8" ?>
<!DOCTYPE html PUBLIC "-//W3C//DTD XHTML 1.0 Strict//EN"
        "http://www.w3.org/TR/xhtml1/DTD/xhtml1-strict.dtd">
<html xmlns="http://www.w3.org/1999/xhtml" xml:lang="en" lang="en">
<head>
  <title>ReportNG Sample Report - All Sample Tests</title>
  <meta http-equiv="Content-Type" content="text/html;charset=utf-8" />
  <meta name="description" content="TestNG unit test results." />
  <link href="reportng.css" rel="stylesheet" type="text/css" />
    <link href="custom.css" rel="stylesheet" type="text/css" />
    <script type="text/javascript" src="reportng.js"></script>
</head>
<body>
<h1>All Sample Tests</h1>
<p>
  Test Duration: 0.009s
</p>

  <table class="resultsTable configTable" width="100%">
    <tr><th colspan="3" class="header failedConfig">Failed Configuration</th></tr>
              <tr class="group">
        <td colspan="3">org.uncommons.reportng.sample.FailedConfiguration</td>
      </tr>
      
<tr>
  <td class="method">
          configure
      </td>
  <td class="duration">
    0.000s
  </td>
  <td class="result">
        
    
        

        <a href="javascript:toggleElement('exception-0', 'block')" title="Click to expand/collapse"><b>java.lang.RuntimeException: Configuration failed.</b></a><br />
    <div class="stackTrace" id="exception-0">
              org.uncommons.reportng.sample.FailedConfiguration.configure(FailedConfiguration.java:35)<br />
              sun.reflect.NativeMethodAccessorImpl.invoke0(Native Method)<br />
              sun.reflect.NativeMethodAccessorImpl.invoke(NativeMethodAccessorImpl.java:39)<br />
              sun.reflect.DelegatingMethodAccessorImpl.invoke(DelegatingMethodAccessorImpl.java:25)<br />
              java.lang.reflect.Method.invoke(Method.java:585)<br />
              org.testng.internal.MethodHelper.invokeMethod(MethodHelper.java:580)<br />
              org.testng.internal.Invoker.invokeConfigurationMethod(Invoker.java:398)<br />
              org.testng.internal.Invoker.invokeConfigurations(Invoker.java:145)<br />
              org.testng.internal.Invoker.invokeConfigurations(Invoker.java:82)<br />
              org.testng.internal.TestMethodWorker.invokeBeforeClassMethods(TestMethodWorker.java:167)<br />
              org.testng.internal.TestMethodWorker.run(TestMethodWorker.java:104)<br />
              org.testng.TestRunner.runWorkers(TestRunner.java:712)<br />
              org.testng.TestRunner.privateRun(TestRunner.java:582)<br />
              org.testng.TestRunner.run(TestRunner.java:477)<br />
              org.testng.SuiteRunner.runTest(SuiteRunner.java:324)<br />
              org.testng.SuiteRunner.runSequentially(SuiteRunner.java:319)<br />
              org.testng.SuiteRunner.privateRun(SuiteRunner.java:292)<br />
              org.testng.SuiteRunner.run(SuiteRunner.java:198)<br />
              org.testng.TestNG.createAndRunSuiteRunners(TestNG.java:823)<br />
              org.testng.TestNG.runSuitesLocally(TestNG.java:790)<br />
              org.testng.TestNG.run(TestNG.java:708)<br />
              org.testng.TestNG.privateMain(TestNG.java:860)<br />
              org.testng.TestNG.main(TestNG.java:833)<br />
                </div>
      </td>
</tr>
    
      </table>


  <table class="resultsTable" width="100%">
    <tr><th colspan="3" class="header failed">Failed Tests</th></tr>
              <tr>
        <td colspan="3" class="group">org.uncommons.reportng.sample.FailedTests</td>
      </tr>
      
<tr>
  <td class="method">
          assertionFailure
      </td>
  <td class="duration">
    0.000s
  </td>
  <td class="result">
        
    
        

        <a href="javascript:toggleElement('exception-1', 'block')" title="Click to expand/collapse"><b>java.lang.AssertionError: This test failed.</b></a><br />
    <div class="stackTrace" id="exception-1">
              org.uncommons.reportng.sample.FailedTests.assertionFailure(FailedTests.java:31)<br />
              sun.reflect.NativeMethodAccessorImpl.invoke0(Native Method)<br />
              sun.reflect.NativeMethodAccessorImpl.invoke(NativeMethodAccessorImpl.java:39)<br />
              sun.reflect.DelegatingMethodAccessorImpl.invoke(DelegatingMethodAccessorImpl.java:25)<br />
              java.lang.reflect.Method.invoke(Method.java:585)<br />
              org.testng.internal.MethodHelper.invokeMethod(MethodHelper.java:580)<br />
              org.testng.internal.Invoker.invokeMethod(Invoker.java:478)<br />
              org.testng.internal.Invoker.invokeTestMethod(Invoker.java:617)<br />
              org.testng.internal.Invoker.invokeTestMethods(Invoker.java:885)<br />
              org.testng.internal.TestMethodWorker.invokeTestMethods(TestMethodWorker.java:126)<br />
              org.testng.internal.TestMethodWorker.run(TestMethodWorker.java:110)<br />
              org.testng.TestRunner.runWorkers(TestRunner.java:712)<br />
              org.testng.TestRunner.privateRun(TestRunner.java:582)<br />
              org.testng.TestRunner.run(TestRunner.java:477)<br />
              org.testng.SuiteRunner.runTest(SuiteRunner.java:324)<br />
              org.testng.SuiteRunner.runSequentially(SuiteRunner.java:319)<br />
              org.testng.SuiteRunner.privateRun(SuiteRunner.java:292)<br />
              org.testng.SuiteRunner.run(SuiteRunner.java:198)<br />
              org.testng.TestNG.createAndRunSuiteRunners(TestNG.java:823)<br />
              org.testng.TestNG.runSuitesLocally(TestNG.java:790)<br />
              org.testng.TestNG.run(TestNG.java:708)<br />
              org.testng.TestNG.privateMain(TestNG.java:860)<br />
              org.testng.TestNG.main(TestNG.java:833)<br />
                </div>
      </td>
</tr>
<tr>
  <td class="method">
          assertionFailureWithMultilineMessage
      </td>
  <td class="duration">
    0.000s
  </td>
  <td class="result">
        
    
        

        <a href="javascript:toggleElement('exception-2', 'block')" title="Click to expand/collapse"><b>java.lang.AssertionError: This test failed.<br/>
Its message is on multiple lines.<br/>
&nbsp;&nbsp;&nbsp;&nbsp; The last one has leading whitespace.</b></a><br />
    <div class="stackTrace" id="exception-2">
              org.uncommons.reportng.sample.FailedTests.assertionFailureWithMultilineMessage(FailedTests.java:38)<br />
              sun.reflect.NativeMethodAccessorImpl.invoke0(Native Method)<br />
              sun.reflect.NativeMethodAccessorImpl.invoke(NativeMethodAccessorImpl.java:39)<br />
              sun.reflect.DelegatingMethodAccessorImpl.invoke(DelegatingMethodAccessorImpl.java:25)<br />
              java.lang.reflect.Method.invoke(Method.java:585)<br />
              org.testng.internal.MethodHelper.invokeMethod(MethodHelper.java:580)<br />
              org.testng.internal.Invoker.invokeMethod(Invoker.java:478)<br />
              org.testng.internal.Invoker.invokeTestMethod(Invoker.java:617)<br />
              org.testng.internal.Invoker.invokeTestMethods(Invoker.java:885)<br />
              org.testng.internal.TestMethodWorker.invokeTestMethods(TestMethodWorker.java:126)<br />
              org.testng.internal.TestMethodWorker.run(TestMethodWorker.java:110)<br />
              org.testng.TestRunner.runWorkers(TestRunner.java:712)<br />
              org.testng.TestRunner.privateRun(TestRunner.java:582)<br />
              org.testng.TestRunner.run(TestRunner.java:477)<br />
              org.testng.SuiteRunner.runTest(SuiteRunner.java:324)<br />
              org.testng.SuiteRunner.runSequentially(SuiteRunner.java:319)<br />
              org.testng.SuiteRunner.privateRun(SuiteRunner.java:292)<br />
              org.testng.SuiteRunner.run(SuiteRunner.java:198)<br />
              org.testng.TestNG.createAndRunSuiteRunners(TestNG.java:823)<br />
              org.testng.TestNG.runSuitesLocally(TestNG.java:790)<br />
              org.testng.TestNG.run(TestNG.java:708)<br />
              org.testng.TestNG.privateMain(TestNG.java:860)<br />
              org.testng.TestNG.main(TestNG.java:833)<br />
                </div>
      </td>
</tr>
<tr>
  <td class="method">
          assertionFailureWithOutput
      </td>
  <td class="duration">
    0.000s
  </td>
  <td class="result">
        
    
            <div class="testOutput">
                        Here is some output from an unsuccessful test.<br />
                  </div>
    

        <a href="javascript:toggleElement('exception-3', 'block')" title="Click to expand/collapse"><b>java.lang.AssertionError: This test failed.</b></a><br />
    <div class="stackTrace" id="exception-3">
              org.uncommons.reportng.sample.FailedTests.assertionFailureWithOutput(FailedTests.java:46)<br />
              sun.reflect.NativeMethodAccessorImpl.invoke0(Native Method)<br />
              sun.reflect.NativeMethodAccessorImpl.invoke(NativeMethodAccessorImpl.java:39)<br />
              sun.reflect.DelegatingMethodAccessorImpl.invoke(DelegatingMethodAccessorImpl.java:25)<br />
              java.lang.reflect.Method.invoke(Method.java:585)<br />
              org.testng.internal.MethodHelper.invokeMethod(MethodHelper.java:580)<br />
              org.testng.internal.Invoker.invokeMethod(Invoker.java:478)<br />
              org.testng.internal.Invoker.invokeTestMethod(Invoker.java:617)<br />
              org.testng.internal.Invoker.invokeTestMethods(Invoker.java:885)<br />
              org.testng.internal.TestMethodWorker.invokeTestMethods(TestMethodWorker.java:126)<br />
              org.testng.internal.TestMethodWorker.run(TestMethodWorker.java:110)<br />
              org.testng.TestRunner.runWorkers(TestRunner.java:712)<br />
              org.testng.TestRunner.privateRun(TestRunner.java:582)<br />
              org.testng.TestRunner.run(TestRunner.java:477)<br />
              org.testng.SuiteRunner.runTest(SuiteRunner.java:324)<br />
              org.testng.SuiteRunner.runSequentially(SuiteRunner.java:319)<br />
              org.testng.SuiteRunner.privateRun(SuiteRunner.java:292)<br />
              org.testng.SuiteRunner.run(SuiteRunner.java:198)<br />
              org.testng.TestNG.createAndRunSuiteRunners(TestNG.java:823)<br />
              org.testng.TestNG.runSuitesLocally(TestNG.java:790)<br />
              org.testng.TestNG.run(TestNG.java:708)<br />
              org.testng.TestNG.privateMain(TestNG.java:860)<br />
              org.testng.TestNG.main(TestNG.java:833)<br />
                </div>
      </td>
</tr>
<tr>
  <td class="method">
          exceptionThrown
      </td>
  <td class="duration">
    0.000s
  </td>
  <td class="result">
        
    
        

        <a href="javascript:toggleElement('exception-4', 'block')" title="Click to expand/collapse"><b>java.lang.IllegalStateException: Test failed.</b></a><br />
    <div class="stackTrace" id="exception-4">
              org.uncommons.reportng.sample.FailedTests.exceptionThrown(FailedTests.java:53)<br />
              sun.reflect.NativeMethodAccessorImpl.invoke0(Native Method)<br />
              sun.reflect.NativeMethodAccessorImpl.invoke(NativeMethodAccessorImpl.java:39)<br />
              sun.reflect.DelegatingMethodAccessorImpl.invoke(DelegatingMethodAccessorImpl.java:25)<br />
              java.lang.reflect.Method.invoke(Method.java:585)<br />
              org.testng.internal.MethodHelper.invokeMethod(MethodHelper.java:580)<br />
              org.testng.internal.Invoker.invokeMethod(Invoker.java:478)<br />
              org.testng.internal.Invoker.invokeTestMethod(Invoker.java:617)<br />
              org.testng.internal.Invoker.invokeTestMethods(Invoker.java:885)<br />
              org.testng.internal.TestMethodWorker.invokeTestMethods(TestMethodWorker.java:126)<br />
              org.testng.internal.TestMethodWorker.run(TestMethodWorker.java:110)<br />
              org.testng.TestRunner.runWorkers(TestRunner.java:712)<br />
              org.testng.TestRunner.privateRun(TestRunner.java:582)<br />
              org.testng.TestRunner.run(TestRunner.java:477)<br />
              org.testng.SuiteRunner.runTest(SuiteRunner.java:324)<br />
              org.testng.SuiteRunner.runSequentially(SuiteRunner.java:319)<br />
              org.testng.SuiteRunner.privateRun(SuiteRunner.java:292)<br />
              org.testng.SuiteRunner.run(SuiteRunner.java:198)<br />
              org.testng.TestNG.createAndRunSuiteRunners(TestNG.java:823)<br />
              org.testng.TestNG.runSuitesLocally(TestNG.java:790)<br />
              org.testng.TestNG.run(TestNG.java:708)<br />
              org.testng.TestNG.privateMain(TestNG.java:860)<br />
              org.testng.TestNG.main(TestNG.java:833)<br />
                    <b>Caused by: </b> <a href="javascript:toggleElement('exception-5', 'block')" title="Click to expand/collapse">java.lang.UnsupportedOperationException</a><br />
        <div class="stackTrace" id="exception-5">
                      org.uncommons.reportng.sample.FailedTests.exceptionThrown(FailedTests.java:53)<br />
                      sun.reflect.NativeMethodAccessorImpl.invoke0(Native Method)<br />
                      sun.reflect.NativeMethodAccessorImpl.invoke(NativeMethodAccessorImpl.java:39)<br />
                      sun.reflect.DelegatingMethodAccessorImpl.invoke(DelegatingMethodAccessorImpl.java:25)<br />
                      java.lang.reflect.Method.invoke(Method.java:585)<br />
                      org.testng.internal.MethodHelper.invokeMethod(MethodHelper.java:580)<br />
                      org.testng.internal.Invoker.invokeMethod(Invoker.java:478)<br />
                      org.testng.internal.Invoker.invokeTestMethod(Invoker.java:617)<br />
                      org.testng.internal.Invoker.invokeTestMethods(Invoker.java:885)<br />
                      org.testng.internal.TestMethodWorker.invokeTestMethods(TestMethodWorker.java:126)<br />
                      org.testng.internal.TestMethodWorker.run(TestMethodWorker.java:110)<br />
                      org.testng.TestRunner.runWorkers(TestRunner.java:712)<br />
                      org.testng.TestRunner.privateRun(TestRunner.java:582)<br />
                      org.testng.TestRunner.run(TestRunner.java:477)<br />
                      org.testng.SuiteRunner.runTest(SuiteRunner.java:324)<br />
                      org.testng.SuiteRunner.runSequentially(SuiteRunner.java:319)<br />
                      org.testng.SuiteRunner.privateRun(SuiteRunner.java:292)<br />
                      org.testng.SuiteRunner.run(SuiteRunner.java:198)<br />
                      org.testng.TestNG.createAndRunSuiteRunners(TestNG.java:823)<br />
                      org.testng.TestNG.runSuitesLocally(TestNG.java:790)<br />
                      org.testng.TestNG.run(TestNG.java:708)<br />
                      org.testng.TestNG.privateMain(TestNG.java:860)<br />
                      org.testng.TestNG.main(TestNG.java:833)<br />
                  </div>
          </div>
      </td>
</tr>
      </table>

  <table class="resultsTable" width="100%">
    <tr><th colspan="3" class="header skipped">Skipped Tests</th></tr>
              <tr>
        <td colspan="3" class="group">org.uncommons.reportng.sample.FailedConfiguration</td>
      </tr>
      
<tr>
  <td class="method">
          thisShouldBeSkipped
      </td>
  <td class="duration">
    0.000s
  </td>
  <td class="result">
                         
    
        

      </td>
</tr>
          <tr>
        <td colspan="3" class="group">org.uncommons.reportng.sample.SkippedTests</td>
      </tr>
      
<tr>
  <td class="method">
          skippedDueToDependentGroup
      </td>
  <td class="duration">
    0.002s
  </td>
  <td class="result">
                       <i>Depends on group(s): </i>
                              <span class="dependency">failures</span>
                          <br />
                
    
        

      </td>
</tr>
<tr>
  <td class="method">
          skippedDueToDependentMethod
      </td>
  <td class="duration">
    0.005s
  </td>
  <td class="result">
                             <i>Depends on method(s): </i>
        <span class="dependency">org.uncommons.reportng.sample.SkippedTests.skippedDueToDependentGroup</span>
          
    
        

      </td>
</tr>
      </table>

  <table class="resultsTable" width="100%">
    <tr><th colspan="3" class="header passed">Passed Tests</th></tr>
              <tr>
        <td colspan="3" class="group">org.uncommons.reportng.sample.DataProviderTest</td>
      </tr>
      
<tr>
  <td class="method">
          testProvider
      </td>
  <td class="duration">
    0.000s
  </td>
  <td class="result">
        
          <i>Method Arguments: </i><span class="arguments">"Three", 3.0</span><br />
    
        

      </td>
</tr>
<tr>
  <td class="method">
          testProvider
      </td>
  <td class="duration">
    0.002s
  </td>
  <td class="result">
        
          <i>Method Arguments: </i><span class="arguments">"One", 1.0</span><br />
    
        

      </td>
</tr>
<tr>
  <td class="method">
          testProvider
      </td>
  <td class="duration">
    0.000s
  </td>
  <td class="result">
        
          <i>Method Arguments: </i><span class="arguments">"Two", 2.0</span><br />
    
        

      </td>
</tr>
<tr>
  <td class="method">
          testProvider2
      </td>
  <td class="duration">
    0.000s
  </td>
  <td class="result">
        
          <i>Method Arguments: </i><span class="arguments">"One", 1.0</span><br />
    
        

      </td>
</tr>
<tr>
  <td class="method">
          testProvider2
      </td>
  <td class="duration">
    0.000s
  </td>
  <td class="result">
        
          <i>Method Arguments: </i><span class="arguments">"Two", 2.0</span><br />
    
        

      </td>
</tr>
<tr>
  <td class="method">
          testProvider2
      </td>
  <td class="duration">
    0.000s
  </td>
  <td class="result">
        
          <i>Method Arguments: </i><span class="arguments">"Three", 3.0</span><br />
    
        

      </td>
</tr>
          <tr>
        <td colspan="3" class="group">org.uncommons.reportng.sample.SuccessfulTests</td>
      </tr>
      
<tr>
  <td class="method">
          test
      </td>
  <td class="duration">
    0.000s
  </td>
  <td class="result">
        
    
        

      </td>
</tr>
<tr>
  <td class="method">
          <span class="description" title="This is a test description">testWithDescription</span>
      </td>
  <td class="duration">
    0.000s
  </td>
  <td class="result">
        
    
        

      </td>
</tr>
<tr>
  <td class="method">
          testWithMultiLineOutput
      </td>
  <td class="duration">
    0.000s
  </td>
  <td class="result">
        
    
            <div class="testOutput">
                        This is the first line of 3.<br />
                                This is a second line.<br />
                                This is the third.<br />
                  </div>
    

      </td>
</tr>
<tr>
  <td class="method">
          testWithOutput
      </td>
  <td class="duration">
    0.000s
  </td>
  <td class="result">
        
    
            <div class="testOutput">
                        Here is some output from a successful test.<br />
                  </div>
    

      </td>
</tr>
      </table>
  
</body>
</html>
